[28-May-2025 11:16:39 Europe/Berlin] PHP Warning:  Cannot modify header information - headers already sent by (output started at C:\xampp\htdocs\SoftAdmin\index.php:185) in C:\xampp\htdocs\SoftAdmin\config.php on line 21
[28-May-2025 11:16:39 Europe/Berlin] PHP Warning:  Cannot modify header information - headers already sent by (output started at C:\xampp\htdocs\SoftAdmin\index.php:185) in C:\xampp\htdocs\SoftAdmin\config.php on line 22
[28-May-2025 11:16:39 Europe/Berlin] PHP Warning:  Cannot modify header information - headers already sent by (output started at C:\xampp\htdocs\SoftAdmin\index.php:185) in C:\xampp\htdocs\SoftAdmin\config.php on line 23
[28-May-2025 11:16:39 Europe/Berlin] PHP Warning:  Cannot modify header information - headers already sent by (output started at C:\xampp\htdocs\SoftAdmin\index.php:185) in C:\xampp\htdocs\SoftAdmin\config.php on line 24
[28-May-2025 11:16:39 Europe/Berlin] Afișare formular curs_form.php
[28-May-2025 11:17:46 Europe/Berlin] --- INTRARE curs_form_save.php ---
[28-May-2025 11:17:46 Europe/Berlin] POST primit: Array
(
    [cod] => 
    [Localitate] => Chisinau
    [Judet] => Chisinau
    [Data] => 2025-12-01
    [Ora] => Marți - Joi, orele 17:30
    [TipEveniment] => Curs Online
    [Locatia] => <strong>ONLINE - GOOGLE MEET</strong>
    [Poza] => cursimg.jpg
    [Detalii] => <p>Ioan face teste nu atrageti atentia</p>
)

[28-May-2025 11:17:46 Europe/Berlin] --- START curs_form_save.php ---
[28-May-2025 11:17:46 Europe/Berlin] POST primit: Array
(
    [cod] => 
    [Localitate] => Chisinau
    [Judet] => Chisinau
    [Data] => 2025-12-01
    [Ora] => Marți - Joi, orele 17:30
    [TipEveniment] => Curs Online
    [Locatia] => <strong>ONLINE - GOOGLE MEET</strong>
    [Poza] => cursimg.jpg
    [Detalii] => <p>Ioan face teste nu atrageti atentia</p>
)

[28-May-2025 11:17:46 Europe/Berlin] Variabile procesate: Data=2025-12-01, Localitate=Chisinau, Judet=Chisinau, TipEveniment=Curs Online, Locatia=<strong>ONLINE - GOOGLE MEET</strong>, Ora=Marți - Joi, orele 17:30, Poza=cursimg.jpg, Vizibil=0
[28-May-2025 11:17:46 Europe/Berlin] Valoare cod primită: ''
[28-May-2025 11:17:46 Europe/Berlin] INTRARE BRANCH INSERT
[28-May-2025 11:17:46 Europe/Berlin] Se face INSERT nou (cod invalid sau lipsă)
[28-May-2025 11:17:46 Europe/Berlin] INSERT executat cu succes
[28-May-2025 11:17:46 Europe/Berlin] Redirectionare spre /SoftAdmin/index.php?action=cursuri
[28-May-2025 11:17:46 Europe/Berlin] PHP Warning:  Cannot modify header information - headers already sent by (output started at C:\xampp\htdocs\SoftAdmin\index.php:185) in C:\xampp\htdocs\SoftAdmin\config.php on line 21
[28-May-2025 11:17:46 Europe/Berlin] PHP Warning:  Cannot modify header information - headers already sent by (output started at C:\xampp\htdocs\SoftAdmin\index.php:185) in C:\xampp\htdocs\SoftAdmin\config.php on line 22
[28-May-2025 11:17:46 Europe/Berlin] PHP Warning:  Cannot modify header information - headers already sent by (output started at C:\xampp\htdocs\SoftAdmin\index.php:185) in C:\xampp\htdocs\SoftAdmin\config.php on line 23
[28-May-2025 11:17:46 Europe/Berlin] PHP Warning:  Cannot modify header information - headers already sent by (output started at C:\xampp\htdocs\SoftAdmin\index.php:185) in C:\xampp\htdocs\SoftAdmin\config.php on line 24
[28-May-2025 11:17:46 Europe/Berlin] Obținere evenimente din baza de date
[28-May-2025 11:17:46 Europe/Berlin] Evenimente obținute: 23
[28-May-2025 11:17:46 Europe/Berlin] Afișare eveniment cod=30
[28-May-2025 11:17:46 Europe/Berlin] Afișare eveniment cod=22
[28-May-2025 11:17:46 Europe/Berlin] Afișare eveniment cod=21
[28-May-2025 11:17:46 Europe/Berlin] Afișare eveniment cod=20
[28-May-2025 11:17:46 Europe/Berlin] Afișare eveniment cod=19
[28-May-2025 11:17:46 Europe/Berlin] Afișare eveniment cod=18
[28-May-2025 11:17:46 Europe/Berlin] Afișare eveniment cod=17
[28-May-2025 11:17:46 Europe/Berlin] Afișare eveniment cod=16
[28-May-2025 11:17:46 Europe/Berlin] Afișare eveniment cod=15
[28-May-2025 11:17:46 Europe/Berlin] Afișare eveniment cod=14
[28-May-2025 11:17:46 Europe/Berlin] Afișare eveniment cod=13
[28-May-2025 11:17:46 Europe/Berlin] Afișare eveniment cod=12
[28-May-2025 11:17:46 Europe/Berlin] Afișare eveniment cod=11
[28-May-2025 11:17:46 Europe/Berlin] Afișare eveniment cod=10
[28-May-2025 11:17:46 Europe/Berlin] Afișare eveniment cod=9
[28-May-2025 11:17:46 Europe/Berlin] Afișare eveniment cod=8
[28-May-2025 11:17:46 Europe/Berlin] Afișare eveniment cod=7
[28-May-2025 11:17:46 Europe/Berlin] Afișare eveniment cod=6
[28-May-2025 11:17:46 Europe/Berlin] Afișare eveniment cod=5
[28-May-2025 11:17:46 Europe/Berlin] Afișare eveniment cod=4
[28-May-2025 11:17:46 Europe/Berlin] Afișare eveniment cod=3
[28-May-2025 11:17:46 Europe/Berlin] Afișare eveniment cod=2
[28-May-2025 11:17:46 Europe/Berlin] Afișare eveniment cod=1
[28-May-2025 11:18:15 Europe/Berlin] PHP Warning:  Cannot modify header information - headers already sent by (output started at C:\xampp\htdocs\SoftAdmin\index.php:185) in C:\xampp\htdocs\SoftAdmin\config.php on line 21
[28-May-2025 11:18:15 Europe/Berlin] PHP Warning:  Cannot modify header information - headers already sent by (output started at C:\xampp\htdocs\SoftAdmin\index.php:185) in C:\xampp\htdocs\SoftAdmin\config.php on line 22
[28-May-2025 11:18:15 Europe/Berlin] PHP Warning:  Cannot modify header information - headers already sent by (output started at C:\xampp\htdocs\SoftAdmin\index.php:185) in C:\xampp\htdocs\SoftAdmin\config.php on line 23
[28-May-2025 11:18:15 Europe/Berlin] PHP Warning:  Cannot modify header information - headers already sent by (output started at C:\xampp\htdocs\SoftAdmin\index.php:185) in C:\xampp\htdocs\SoftAdmin\config.php on line 24
[28-May-2025 11:18:15 Europe/Berlin] Afișare formular curs_form.php
[28-May-2025 11:19:04 Europe/Berlin] --- INTRARE curs_form_save.php ---
[28-May-2025 11:19:04 Europe/Berlin] POST primit: Array
(
    [cod] => 
    [Localitate] => ioan
    [Judet] => test
    [Data] => 2025-12-02
    [Ora] => 12Ș20
    [TipEveniment] => Curs Online
    [Locatia] => Acasa
    [Poza] => cursimg.jpg
    [Detalii] => <p>Facem teste nu atrageti atentia</p>
)

[28-May-2025 11:19:04 Europe/Berlin] --- START curs_form_save.php ---
[28-May-2025 11:19:04 Europe/Berlin] POST primit: Array
(
    [cod] => 
    [Localitate] => ioan
    [Judet] => test
    [Data] => 2025-12-02
    [Ora] => 12Ș20
    [TipEveniment] => Curs Online
    [Locatia] => Acasa
    [Poza] => cursimg.jpg
    [Detalii] => <p>Facem teste nu atrageti atentia</p>
)

[28-May-2025 11:19:04 Europe/Berlin] Variabile procesate: Data=2025-12-02, Localitate=ioan, Judet=test, TipEveniment=Curs Online, Locatia=Acasa, Ora=12Ș20, Poza=cursimg.jpg, Vizibil=0
[28-May-2025 11:19:04 Europe/Berlin] Valoare cod primită: ''
[28-May-2025 11:19:04 Europe/Berlin] INTRARE BRANCH INSERT
[28-May-2025 11:19:04 Europe/Berlin] Se face INSERT nou (cod invalid sau lipsă)
[28-May-2025 11:19:04 Europe/Berlin] INSERT executat cu succes
[28-May-2025 11:19:04 Europe/Berlin] Redirectionare spre /SoftAdmin/index.php?action=cursuri
[28-May-2025 11:19:04 Europe/Berlin] PHP Warning:  Cannot modify header information - headers already sent by (output started at C:\xampp\htdocs\SoftAdmin\index.php:185) in C:\xampp\htdocs\SoftAdmin\config.php on line 21
[28-May-2025 11:19:04 Europe/Berlin] PHP Warning:  Cannot modify header information - headers already sent by (output started at C:\xampp\htdocs\SoftAdmin\index.php:185) in C:\xampp\htdocs\SoftAdmin\config.php on line 22
[28-May-2025 11:19:04 Europe/Berlin] PHP Warning:  Cannot modify header information - headers already sent by (output started at C:\xampp\htdocs\SoftAdmin\index.php:185) in C:\xampp\htdocs\SoftAdmin\config.php on line 23
[28-May-2025 11:19:04 Europe/Berlin] PHP Warning:  Cannot modify header information - headers already sent by (output started at C:\xampp\htdocs\SoftAdmin\index.php:185) in C:\xampp\htdocs\SoftAdmin\config.php on line 24
[28-May-2025 11:19:04 Europe/Berlin] Obținere evenimente din baza de date
[28-May-2025 11:19:04 Europe/Berlin] Evenimente obținute: 24
[28-May-2025 11:19:04 Europe/Berlin] Afișare eveniment cod=31
[28-May-2025 11:19:04 Europe/Berlin] Afișare eveniment cod=30
[28-May-2025 11:19:04 Europe/Berlin] Afișare eveniment cod=22
[28-May-2025 11:19:04 Europe/Berlin] Afișare eveniment cod=21
[28-May-2025 11:19:04 Europe/Berlin] Afișare eveniment cod=20
[28-May-2025 11:19:04 Europe/Berlin] Afișare eveniment cod=19
[28-May-2025 11:19:04 Europe/Berlin] Afișare eveniment cod=18
[28-May-2025 11:19:04 Europe/Berlin] Afișare eveniment cod=17
[28-May-2025 11:19:04 Europe/Berlin] Afișare eveniment cod=16
[28-May-2025 11:19:04 Europe/Berlin] Afișare eveniment cod=15
[28-May-2025 11:19:04 Europe/Berlin] Afișare eveniment cod=14
[28-May-2025 11:19:04 Europe/Berlin] Afișare eveniment cod=13
[28-May-2025 11:19:04 Europe/Berlin] Afișare eveniment cod=12
[28-May-2025 11:19:04 Europe/Berlin] Afișare eveniment cod=11
[28-May-2025 11:19:04 Europe/Berlin] Afișare eveniment cod=10
[28-May-2025 11:19:04 Europe/Berlin] Afișare eveniment cod=9
[28-May-2025 11:19:04 Europe/Berlin] Afișare eveniment cod=8
[28-May-2025 11:19:04 Europe/Berlin] Afișare eveniment cod=7
[28-May-2025 11:19:04 Europe/Berlin] Afișare eveniment cod=6
[28-May-2025 11:19:04 Europe/Berlin] Afișare eveniment cod=5
[28-May-2025 11:19:04 Europe/Berlin] Afișare eveniment cod=4
[28-May-2025 11:19:04 Europe/Berlin] Afișare eveniment cod=3
[28-May-2025 11:19:04 Europe/Berlin] Afișare eveniment cod=2
[28-May-2025 11:19:04 Europe/Berlin] Afișare eveniment cod=1
[28-May-2025 11:21:40 Europe/Berlin] PHP Warning:  Cannot modify header information - headers already sent by (output started at C:\xampp\htdocs\SoftAdmin\index.php:185) in C:\xampp\htdocs\SoftAdmin\config.php on line 21
[28-May-2025 11:21:40 Europe/Berlin] PHP Warning:  Cannot modify header information - headers already sent by (output started at C:\xampp\htdocs\SoftAdmin\index.php:185) in C:\xampp\htdocs\SoftAdmin\config.php on line 22
[28-May-2025 11:21:40 Europe/Berlin] PHP Warning:  Cannot modify header information - headers already sent by (output started at C:\xampp\htdocs\SoftAdmin\index.php:185) in C:\xampp\htdocs\SoftAdmin\config.php on line 23
[28-May-2025 11:21:40 Europe/Berlin] PHP Warning:  Cannot modify header information - headers already sent by (output started at C:\xampp\htdocs\SoftAdmin\index.php:185) in C:\xampp\htdocs\SoftAdmin\config.php on line 24
[28-May-2025 11:21:41 Europe/Berlin] Încărcare date pentru editare cod=31
[28-May-2025 11:21:41 Europe/Berlin] Date încărcate: Array
(
    [codCalendar] => 31
    [Localitate] => ioan
    [Judet] => test
    [Data] => 2025-12-02
    [Poza] => cursimg.jpg
    [TipEveniment] => Curs Online
    [Locatia] => Acasa
    [Ora] => 12Ș20
    [Detalii] => <p>Facem teste nu atrageti atentia</p>
    [codDirector] => 0
    [Vizibil] => 0
)

[28-May-2025 11:21:41 Europe/Berlin] Afișare formular curs_form.php
[28-May-2025 11:21:43 Europe/Berlin] --- INTRARE curs_form_save.php ---
[28-May-2025 11:21:43 Europe/Berlin] POST primit: Array
(
    [cod] => 31
    [Localitate] => ioan
    [Judet] => test
    [Data] => 2025-12-02
    [Ora] => 12Ș20
    [TipEveniment] => Curs Online
    [Locatia] => Acasa
    [Poza] => cursimg.jpg
    [Detalii] => <p>Facem teste nu atrageti atentia</p>
    [vizibil] => on
)

[28-May-2025 11:21:43 Europe/Berlin] --- START curs_form_save.php ---
[28-May-2025 11:21:43 Europe/Berlin] POST primit: Array
(
    [cod] => 31
    [Localitate] => ioan
    [Judet] => test
    [Data] => 2025-12-02
    [Ora] => 12Ș20
    [TipEveniment] => Curs Online
    [Locatia] => Acasa
    [Poza] => cursimg.jpg
    [Detalii] => <p>Facem teste nu atrageti atentia</p>
    [vizibil] => on
)

[28-May-2025 11:21:43 Europe/Berlin] Variabile procesate: Data=2025-12-02, Localitate=ioan, Judet=test, TipEveniment=Curs Online, Locatia=Acasa, Ora=12Ș20, Poza=cursimg.jpg, Vizibil=1
[28-May-2025 11:21:43 Europe/Berlin] Valoare cod primită: '31'
[28-May-2025 11:21:43 Europe/Berlin] INTRARE BRANCH UPDATE
[28-May-2025 11:21:43 Europe/Berlin] Se face UPDATE pentru cod=31
[28-May-2025 11:21:43 Europe/Berlin] UPDATE executat cu succes
[28-May-2025 11:21:43 Europe/Berlin] Redirectionare spre /SoftAdmin/index.php?action=cursuri
[28-May-2025 11:21:43 Europe/Berlin] PHP Warning:  Cannot modify header information - headers already sent by (output started at C:\xampp\htdocs\SoftAdmin\index.php:185) in C:\xampp\htdocs\SoftAdmin\config.php on line 21
[28-May-2025 11:21:43 Europe/Berlin] PHP Warning:  Cannot modify header information - headers already sent by (output started at C:\xampp\htdocs\SoftAdmin\index.php:185) in C:\xampp\htdocs\SoftAdmin\config.php on line 22
[28-May-2025 11:21:43 Europe/Berlin] PHP Warning:  Cannot modify header information - headers already sent by (output started at C:\xampp\htdocs\SoftAdmin\index.php:185) in C:\xampp\htdocs\SoftAdmin\config.php on line 23
[28-May-2025 11:21:43 Europe/Berlin] PHP Warning:  Cannot modify header information - headers already sent by (output started at C:\xampp\htdocs\SoftAdmin\index.php:185) in C:\xampp\htdocs\SoftAdmin\config.php on line 24
[28-May-2025 11:21:44 Europe/Berlin] Obținere evenimente din baza de date
[28-May-2025 11:21:44 Europe/Berlin] Evenimente obținute: 24
[28-May-2025 11:21:44 Europe/Berlin] Afișare eveniment cod=31
[28-May-2025 11:21:44 Europe/Berlin] Afișare eveniment cod=30
[28-May-2025 11:21:44 Europe/Berlin] Afișare eveniment cod=22
[28-May-2025 11:21:44 Europe/Berlin] Afișare eveniment cod=21
[28-May-2025 11:21:44 Europe/Berlin] Afișare eveniment cod=20
[28-May-2025 11:21:44 Europe/Berlin] Afișare eveniment cod=19
[28-May-2025 11:21:44 Europe/Berlin] Afișare eveniment cod=18
[28-May-2025 11:21:44 Europe/Berlin] Afișare eveniment cod=17
[28-May-2025 11:21:44 Europe/Berlin] Afișare eveniment cod=16
[28-May-2025 11:21:44 Europe/Berlin] Afișare eveniment cod=15
[28-May-2025 11:21:44 Europe/Berlin] Afișare eveniment cod=14
[28-May-2025 11:21:44 Europe/Berlin] Afișare eveniment cod=13
[28-May-2025 11:21:44 Europe/Berlin] Afișare eveniment cod=12
[28-May-2025 11:21:44 Europe/Berlin] Afișare eveniment cod=11
[28-May-2025 11:21:44 Europe/Berlin] Afișare eveniment cod=10
[28-May-2025 11:21:44 Europe/Berlin] Afișare eveniment cod=9
[28-May-2025 11:21:44 Europe/Berlin] Afișare eveniment cod=8
[28-May-2025 11:21:44 Europe/Berlin] Afișare eveniment cod=7
[28-May-2025 11:21:44 Europe/Berlin] Afișare eveniment cod=6
[28-May-2025 11:21:44 Europe/Berlin] Afișare eveniment cod=5
[28-May-2025 11:21:44 Europe/Berlin] Afișare eveniment cod=4
[28-May-2025 11:21:44 Europe/Berlin] Afișare eveniment cod=3
[28-May-2025 11:21:44 Europe/Berlin] Afișare eveniment cod=2
[28-May-2025 11:21:44 Europe/Berlin] Afișare eveniment cod=1
[28-May-2025 11:21:45 Europe/Berlin] PHP Warning:  Cannot modify header information - headers already sent by (output started at C:\xampp\htdocs\SoftAdmin\index.php:185) in C:\xampp\htdocs\SoftAdmin\config.php on line 21
[28-May-2025 11:21:45 Europe/Berlin] PHP Warning:  Cannot modify header information - headers already sent by (output started at C:\xampp\htdocs\SoftAdmin\index.php:185) in C:\xampp\htdocs\SoftAdmin\config.php on line 22
[28-May-2025 11:21:45 Europe/Berlin] PHP Warning:  Cannot modify header information - headers already sent by (output started at C:\xampp\htdocs\SoftAdmin\index.php:185) in C:\xampp\htdocs\SoftAdmin\config.php on line 23
[28-May-2025 11:21:45 Europe/Berlin] PHP Warning:  Cannot modify header information - headers already sent by (output started at C:\xampp\htdocs\SoftAdmin\index.php:185) in C:\xampp\htdocs\SoftAdmin\config.php on line 24
[28-May-2025 11:21:45 Europe/Berlin] Încărcare date pentru editare cod=30
[28-May-2025 11:21:45 Europe/Berlin] Date încărcate: Array
(
    [codCalendar] => 30
    [Localitate] => Chisinau
    [Judet] => Chisinau
    [Data] => 2025-12-01
    [Poza] => cursimg.jpg
    [TipEveniment] => Curs Online
    [Locatia] => <strong>ONLINE - GOOGLE MEET</strong>
    [Ora] => Marți - Joi, orele 17:30
    [Detalii] => <p>Ioan face teste nu atrageti atentia</p>
    [codDirector] => 0
    [Vizibil] => 0
)

[28-May-2025 11:21:45 Europe/Berlin] Afișare formular curs_form.php
[28-May-2025 11:21:48 Europe/Berlin] --- INTRARE curs_form_save.php ---
[28-May-2025 11:21:48 Europe/Berlin] POST primit: Array
(
    [cod] => 30
    [Localitate] => Chisinau
    [Judet] => Chisinau
    [Data] => 2025-12-01
    [Ora] => Marți - Joi, orele 17:30
    [TipEveniment] => Curs Online
    [Locatia] => <strong>ONLINE - GOOGLE MEET</strong>
    [Poza] => cursimg.jpg
    [Detalii] => <p>Ioan face teste nu atrageti atentia</p>
    [vizibil] => on
)

[28-May-2025 11:21:48 Europe/Berlin] --- START curs_form_save.php ---
[28-May-2025 11:21:48 Europe/Berlin] POST primit: Array
(
    [cod] => 30
    [Localitate] => Chisinau
    [Judet] => Chisinau
    [Data] => 2025-12-01
    [Ora] => Marți - Joi, orele 17:30
    [TipEveniment] => Curs Online
    [Locatia] => <strong>ONLINE - GOOGLE MEET</strong>
    [Poza] => cursimg.jpg
    [Detalii] => <p>Ioan face teste nu atrageti atentia</p>
    [vizibil] => on
)

[28-May-2025 11:21:48 Europe/Berlin] Variabile procesate: Data=2025-12-01, Localitate=Chisinau, Judet=Chisinau, TipEveniment=Curs Online, Locatia=<strong>ONLINE - GOOGLE MEET</strong>, Ora=Marți - Joi, orele 17:30, Poza=cursimg.jpg, Vizibil=1
[28-May-2025 11:21:48 Europe/Berlin] Valoare cod primită: '30'
[28-May-2025 11:21:48 Europe/Berlin] INTRARE BRANCH UPDATE
[28-May-2025 11:21:48 Europe/Berlin] Se face UPDATE pentru cod=30
[28-May-2025 11:21:48 Europe/Berlin] UPDATE executat cu succes
[28-May-2025 11:21:48 Europe/Berlin] Redirectionare spre /SoftAdmin/index.php?action=cursuri
[28-May-2025 11:21:48 Europe/Berlin] PHP Warning:  Cannot modify header information - headers already sent by (output started at C:\xampp\htdocs\SoftAdmin\index.php:185) in C:\xampp\htdocs\SoftAdmin\config.php on line 21
[28-May-2025 11:21:48 Europe/Berlin] PHP Warning:  Cannot modify header information - headers already sent by (output started at C:\xampp\htdocs\SoftAdmin\index.php:185) in C:\xampp\htdocs\SoftAdmin\config.php on line 22
[28-May-2025 11:21:48 Europe/Berlin] PHP Warning:  Cannot modify header information - headers already sent by (output started at C:\xampp\htdocs\SoftAdmin\index.php:185) in C:\xampp\htdocs\SoftAdmin\config.php on line 23
[28-May-2025 11:21:48 Europe/Berlin] PHP Warning:  Cannot modify header information - headers already sent by (output started at C:\xampp\htdocs\SoftAdmin\index.php:185) in C:\xampp\htdocs\SoftAdmin\config.php on line 24
[28-May-2025 11:21:48 Europe/Berlin] Obținere evenimente din baza de date
[28-May-2025 11:21:48 Europe/Berlin] Evenimente obținute: 24
[28-May-2025 11:21:48 Europe/Berlin] Afișare eveniment cod=31
[28-May-2025 11:21:48 Europe/Berlin] Afișare eveniment cod=30
[28-May-2025 11:21:48 Europe/Berlin] Afișare eveniment cod=22
[28-May-2025 11:21:48 Europe/Berlin] Afișare eveniment cod=21
[28-May-2025 11:21:48 Europe/Berlin] Afișare eveniment cod=20
[28-May-2025 11:21:48 Europe/Berlin] Afișare eveniment cod=19
[28-May-2025 11:21:48 Europe/Berlin] Afișare eveniment cod=18
[28-May-2025 11:21:48 Europe/Berlin] Afișare eveniment cod=17
[28-May-2025 11:21:48 Europe/Berlin] Afișare eveniment cod=16
[28-May-2025 11:21:48 Europe/Berlin] Afișare eveniment cod=15
[28-May-2025 11:21:48 Europe/Berlin] Afișare eveniment cod=14
[28-May-2025 11:21:48 Europe/Berlin] Afișare eveniment cod=13
[28-May-2025 11:21:48 Europe/Berlin] Afișare eveniment cod=12
[28-May-2025 11:21:48 Europe/Berlin] Afișare eveniment cod=11
[28-May-2025 11:21:48 Europe/Berlin] Afișare eveniment cod=10
[28-May-2025 11:21:48 Europe/Berlin] Afișare eveniment cod=9
[28-May-2025 11:21:48 Europe/Berlin] Afișare eveniment cod=8
[28-May-2025 11:21:48 Europe/Berlin] Afișare eveniment cod=7
[28-May-2025 11:21:48 Europe/Berlin] Afișare eveniment cod=6
[28-May-2025 11:21:48 Europe/Berlin] Afișare eveniment cod=5
[28-May-2025 11:21:48 Europe/Berlin] Afișare eveniment cod=4
[28-May-2025 11:21:48 Europe/Berlin] Afișare eveniment cod=3
[28-May-2025 11:21:48 Europe/Berlin] Afișare eveniment cod=2
[28-May-2025 11:21:48 Europe/Berlin] Afișare eveniment cod=1
[28-May-2025 11:22:08 Europe/Berlin] PHP Warning:  Cannot modify header information - headers already sent by (output started at C:\xampp\htdocs\SoftAdmin\index.php:185) in C:\xampp\htdocs\SoftAdmin\config.php on line 21
[28-May-2025 11:22:08 Europe/Berlin] PHP Warning:  Cannot modify header information - headers already sent by (output started at C:\xampp\htdocs\SoftAdmin\index.php:185) in C:\xampp\htdocs\SoftAdmin\config.php on line 22
[28-May-2025 11:22:08 Europe/Berlin] PHP Warning:  Cannot modify header information - headers already sent by (output started at C:\xampp\htdocs\SoftAdmin\index.php:185) in C:\xampp\htdocs\SoftAdmin\config.php on line 23
[28-May-2025 11:22:08 Europe/Berlin] PHP Warning:  Cannot modify header information - headers already sent by (output started at C:\xampp\htdocs\SoftAdmin\index.php:185) in C:\xampp\htdocs\SoftAdmin\config.php on line 24
[28-May-2025 11:22:08 Europe/Berlin] PHP Warning:  Cannot modify header information - headers already sent by (output started at C:\xampp\htdocs\SoftAdmin\index.php:185) in C:\xampp\htdocs\SoftAdmin\pages\devize\cursuri.php on line 42
[28-May-2025 11:22:10 Europe/Berlin] PHP Warning:  Cannot modify header information - headers already sent by (output started at C:\xampp\htdocs\SoftAdmin\index.php:185) in C:\xampp\htdocs\SoftAdmin\config.php on line 21
[28-May-2025 11:22:10 Europe/Berlin] PHP Warning:  Cannot modify header information - headers already sent by (output started at C:\xampp\htdocs\SoftAdmin\index.php:185) in C:\xampp\htdocs\SoftAdmin\config.php on line 22
[28-May-2025 11:22:10 Europe/Berlin] PHP Warning:  Cannot modify header information - headers already sent by (output started at C:\xampp\htdocs\SoftAdmin\index.php:185) in C:\xampp\htdocs\SoftAdmin\config.php on line 23
[28-May-2025 11:22:10 Europe/Berlin] PHP Warning:  Cannot modify header information - headers already sent by (output started at C:\xampp\htdocs\SoftAdmin\index.php:185) in C:\xampp\htdocs\SoftAdmin\config.php on line 24
[28-May-2025 11:22:10 Europe/Berlin] Obținere evenimente din baza de date
[28-May-2025 11:22:10 Europe/Berlin] Evenimente obținute: 23
[28-May-2025 11:22:10 Europe/Berlin] Afișare eveniment cod=30
[28-May-2025 11:22:10 Europe/Berlin] Afișare eveniment cod=22
[28-May-2025 11:22:10 Europe/Berlin] Afișare eveniment cod=21
[28-May-2025 11:22:10 Europe/Berlin] Afișare eveniment cod=20
[28-May-2025 11:22:10 Europe/Berlin] Afișare eveniment cod=19
[28-May-2025 11:22:10 Europe/Berlin] Afișare eveniment cod=18
[28-May-2025 11:22:10 Europe/Berlin] Afișare eveniment cod=17
[28-May-2025 11:22:10 Europe/Berlin] Afișare eveniment cod=16
[28-May-2025 11:22:10 Europe/Berlin] Afișare eveniment cod=15
[28-May-2025 11:22:10 Europe/Berlin] Afișare eveniment cod=14
[28-May-2025 11:22:10 Europe/Berlin] Afișare eveniment cod=13
[28-May-2025 11:22:10 Europe/Berlin] Afișare eveniment cod=12
[28-May-2025 11:22:10 Europe/Berlin] Afișare eveniment cod=11
[28-May-2025 11:22:10 Europe/Berlin] Afișare eveniment cod=10
[28-May-2025 11:22:10 Europe/Berlin] Afișare eveniment cod=9
[28-May-2025 11:22:10 Europe/Berlin] Afișare eveniment cod=8
[28-May-2025 11:22:10 Europe/Berlin] Afișare eveniment cod=7
[28-May-2025 11:22:10 Europe/Berlin] Afișare eveniment cod=6
[28-May-2025 11:22:10 Europe/Berlin] Afișare eveniment cod=5
[28-May-2025 11:22:10 Europe/Berlin] Afișare eveniment cod=4
[28-May-2025 11:22:10 Europe/Berlin] Afișare eveniment cod=3
[28-May-2025 11:22:10 Europe/Berlin] Afișare eveniment cod=2
[28-May-2025 11:22:10 Europe/Berlin] Afișare eveniment cod=1
[28-May-2025 11:22:56 Europe/Berlin] PHP Warning:  Cannot modify header information - headers already sent by (output started at C:\xampp\htdocs\SoftAdmin\index.php:185) in C:\xampp\htdocs\SoftAdmin\config.php on line 21
[28-May-2025 11:22:56 Europe/Berlin] PHP Warning:  Cannot modify header information - headers already sent by (output started at C:\xampp\htdocs\SoftAdmin\index.php:185) in C:\xampp\htdocs\SoftAdmin\config.php on line 22
[28-May-2025 11:22:56 Europe/Berlin] PHP Warning:  Cannot modify header information - headers already sent by (output started at C:\xampp\htdocs\SoftAdmin\index.php:185) in C:\xampp\htdocs\SoftAdmin\config.php on line 23
[28-May-2025 11:22:56 Europe/Berlin] PHP Warning:  Cannot modify header information - headers already sent by (output started at C:\xampp\htdocs\SoftAdmin\index.php:185) in C:\xampp\htdocs\SoftAdmin\config.php on line 24
[28-May-2025 11:22:56 Europe/Berlin] PHP Warning:  Cannot modify header information - headers already sent by (output started at C:\xampp\htdocs\SoftAdmin\index.php:185) in C:\xampp\htdocs\SoftAdmin\pages\devize\cursuri.php on line 42
[28-May-2025 11:23:05 Europe/Berlin] PHP Warning:  Cannot modify header information - headers already sent by (output started at C:\xampp\htdocs\SoftAdmin\index.php:185) in C:\xampp\htdocs\SoftAdmin\config.php on line 21
[28-May-2025 11:23:05 Europe/Berlin] PHP Warning:  Cannot modify header information - headers already sent by (output started at C:\xampp\htdocs\SoftAdmin\index.php:185) in C:\xampp\htdocs\SoftAdmin\config.php on line 22
[28-May-2025 11:23:05 Europe/Berlin] PHP Warning:  Cannot modify header information - headers already sent by (output started at C:\xampp\htdocs\SoftAdmin\index.php:185) in C:\xampp\htdocs\SoftAdmin\config.php on line 23
[28-May-2025 11:23:05 Europe/Berlin] PHP Warning:  Cannot modify header information - headers already sent by (output started at C:\xampp\htdocs\SoftAdmin\index.php:185) in C:\xampp\htdocs\SoftAdmin\config.php on line 24
[28-May-2025 11:23:05 Europe/Berlin] Obținere evenimente din baza de date
[28-May-2025 11:23:06 Europe/Berlin] Evenimente obținute: 22
[28-May-2025 11:23:06 Europe/Berlin] Afișare eveniment cod=22
[28-May-2025 11:23:06 Europe/Berlin] Afișare eveniment cod=21
[28-May-2025 11:23:06 Europe/Berlin] Afișare eveniment cod=20
[28-May-2025 11:23:06 Europe/Berlin] Afișare eveniment cod=19
[28-May-2025 11:23:06 Europe/Berlin] Afișare eveniment cod=18
[28-May-2025 11:23:06 Europe/Berlin] Afișare eveniment cod=17
[28-May-2025 11:23:06 Europe/Berlin] Afișare eveniment cod=16
[28-May-2025 11:23:06 Europe/Berlin] Afișare eveniment cod=15
[28-May-2025 11:23:06 Europe/Berlin] Afișare eveniment cod=14
[28-May-2025 11:23:06 Europe/Berlin] Afișare eveniment cod=13
[28-May-2025 11:23:06 Europe/Berlin] Afișare eveniment cod=12
[28-May-2025 11:23:06 Europe/Berlin] Afișare eveniment cod=11
[28-May-2025 11:23:06 Europe/Berlin] Afișare eveniment cod=10
[28-May-2025 11:23:06 Europe/Berlin] Afișare eveniment cod=9
[28-May-2025 11:23:06 Europe/Berlin] Afișare eveniment cod=8
[28-May-2025 11:23:06 Europe/Berlin] Afișare eveniment cod=7
[28-May-2025 11:23:06 Europe/Berlin] Afișare eveniment cod=6
[28-May-2025 11:23:06 Europe/Berlin] Afișare eveniment cod=5
[28-May-2025 11:23:06 Europe/Berlin] Afișare eveniment cod=4
[28-May-2025 11:23:06 Europe/Berlin] Afișare eveniment cod=3
[28-May-2025 11:23:06 Europe/Berlin] Afișare eveniment cod=2
[28-May-2025 11:23:06 Europe/Berlin] Afișare eveniment cod=1
[28-May-2025 11:31:53 Europe/Berlin] PHP Warning:  Cannot modify header information - headers already sent by (output started at C:\xampp\htdocs\SoftAdmin\index.php:185) in C:\xampp\htdocs\SoftAdmin\config.php on line 21
[28-May-2025 11:31:53 Europe/Berlin] PHP Warning:  Cannot modify header information - headers already sent by (output started at C:\xampp\htdocs\SoftAdmin\index.php:185) in C:\xampp\htdocs\SoftAdmin\config.php on line 22
[28-May-2025 11:31:53 Europe/Berlin] PHP Warning:  Cannot modify header information - headers already sent by (output started at C:\xampp\htdocs\SoftAdmin\index.php:185) in C:\xampp\htdocs\SoftAdmin\config.php on line 23
[28-May-2025 11:31:53 Europe/Berlin] PHP Warning:  Cannot modify header information - headers already sent by (output started at C:\xampp\htdocs\SoftAdmin\index.php:185) in C:\xampp\htdocs\SoftAdmin\config.php on line 24
[28-May-2025 11:31:53 Europe/Berlin] Încărcare date pentru editare cod=22
[28-May-2025 11:31:53 Europe/Berlin] Date încărcate: Array
(
    [codCalendar] => 22
    [Localitate] => Chisinau
    [Judet] => Chisinau
    [Data] => 2024-12-11
    [Poza] => cursimg.jpg
    [TipEveniment] => Curs Online
    [Locatia] => <strong>ONLINE - GOOGLE MEET</strong>
    [Ora] => Marți - Joi, orele 17:30
    [Detalii] => <p><strong>Softconstruct SRL desf&#259;soar&#259; CURSURI ONLINE pentru instruirea utilizatorilor de programe</strong> <strong>WinDoc Deviz / Devizonline.&nbsp;</strong><br>Cursurile serale se vor desf&#259;sura<strong> ONLINE</strong> <strong>Mar&#355;i &#537;i Joi</strong> la orele 17:30 &#238;ncep&#226;nd cu data de <strong>12 noiembrie 2024.&nbsp;</strong><br><strong>Durata cursului: 9 ore academice- 2 s&#259;pt&#259;m&#226;ni a c&#226;te 1 ora 30 min (2 perechi/s&#259;pt&#259;m&#226;nal).</strong>&nbsp;<br><strong>Platforma de conectare: GOOGLE MEET, link-ul transmis ulterior</strong>&nbsp;<br><br><br><strong>Planul de instruire:</strong><br><br><strong>Lec&#355;ia 1</strong>&nbsp;<br>1. Care sunt principalele acte normative ce reglementeaz&#259; activitatea de &#238;ntocmire a devizelor, &#238;n R.Moldova?<br>2. Care este structura general&#259; a programului WinDoc Deviz? Ce este Devizonline?<br>3. Cum cre&#259;m un deviz? Obiectiv, Obiect, Deviz.<br>4. Cum ad&#259;ug&#259;m articole &#238;n deviz? – Trei metode de cautare &#537;i ad&#259;ugare articol.&nbsp;<br>5. Cum cre&#259;m capitole &#238;n deviz?&nbsp;<br><br><strong>Lec&#355;ia 2</strong>&nbsp;<br>6. Material m&#259;runt &#238;n (%) din pre&#355;ul materialelor.<br>7. Formule cantit&#259;&#355;i.<br>8. Cum ad&#259;ug&#259;m/modific&#259;m pre&#355;uri la resurse?<br>9. Cum prelu&#259;m pre&#355;uri de la furnizori sau din alte investi&#355;ii?<br>10. Cum modific&#259;m Recapitula&#355;ia?&nbsp;<br><br><strong>Lec&#355;ia 3</strong>&nbsp;<br>11. Cum aplic&#259;m sporuri la resurse &#537;i/sau coeficien&#355;i la norme? Calculul invers.<br>12. Cum introducem partenerii investi&#355;iei &#537;i ce op&#355;iuni de raportare avem?&nbsp;<br>13. Cum cre&#259;m/list&#259;m rapoarte? (F. 1,3,5,7,)&nbsp;<br><br><strong>Lec&#355;ia 4</strong>&nbsp;<br>14. Cum convertim devizele &#238;n valut&#259; str&#259;in&#259;? ($, Euro, RON, RUB, etc...)<br>15. Material beneficiar.<br>16. Cum copiem o investi&#355;ie &#238;n Proiecte?<br>17. Cum elabor&#259;m, modific&#259;m, complet&#259;m un Grafic de executie?&nbsp;<br>18. Cum tip&#259;rim rapoartele pentru proiect?&nbsp;<br><br><strong>Lec&#355;ia 5</strong>&nbsp;<br>19. Cum copiem o investi&#355;ie &#238;n Decont&#259;ri? Cum cre&#259;m un decont?<br>20. Cum tip&#259;rim rapoartele? (realizat, renuntat)<br>21. Cum elabor&#259;m, modific&#259;m, tip&#259;rim F.29? (Anexa F – casarea materialelor)<br>22. Cum &#238;ntocmim dosarul de rapoarte?<br><br><strong>Lec&#355;ia 6</strong>&nbsp;<br>23. Cum configur&#259;m structura Devizului general?<br>24. Cum aloc&#259;m valori directe sau valori calculate cu formule la capitole &#238;n D.G.?<br>25. Cum list&#259;m rapoartele F.8, F.9 &#537;i F.4RD?&nbsp;<br>26. Cum export&#259;m/import&#259;m devize/investi&#355;ii?<br>27. Lucrul &#238;n re&#355;ea, o singur&#259; baza de date – mai mul&#355;i utilizatori.<br>28. Recapitulare &#537;i aplicare.<br><br>La sf&#226;r&#537;itul cursului fiecare cursant va primi un <strong>Certificat de absolvire</strong> &#537;i <strong>reducere de 10% </strong>pentru procurarea ulterioar&#259; a programelor noastre.<br><br><strong>ATENTIE!</strong> Numarul de persoane este limitat. Doritorii trebuie s&#259; se &#238;nscrie la nr. de tel. 060830065 &#537;i s&#259; confirme plata prin transfer de <strong>1500 Lei</strong> &#238;n contul:<br>Softconstruct SRL,<br>c/f– 1014600001023,<br>IBAN : MD64AG000000022512246661<br>cod TVA: 3000993&nbsp;<br>BIC: AGRNMD2X887<br>BC “Moldova – Agroindbank” SA, filiala Dacia Chisinau,<br><br>Pentru mai multe informa&#355;ii referitor la modalitatea de desfasurare a cursurilor, contactati <strong>reprezentan&#355;ii Softconstruct.</strong><br>&nbsp;</p>
    [codDirector] => 202
    [Vizibil] => 1
)

[28-May-2025 11:31:53 Europe/Berlin] Afișare formular curs_form.php
[28-May-2025 19:52:34 Europe/Berlin] PHP Warning:  Cannot modify header information - headers already sent by (output started at C:\xampp\htdocs\SoftAdmin\index.php:185) in C:\xampp\htdocs\SoftAdmin\config.php on line 21
[28-May-2025 19:52:34 Europe/Berlin] PHP Warning:  Cannot modify header information - headers already sent by (output started at C:\xampp\htdocs\SoftAdmin\index.php:185) in C:\xampp\htdocs\SoftAdmin\config.php on line 22
[28-May-2025 19:52:34 Europe/Berlin] PHP Warning:  Cannot modify header information - headers already sent by (output started at C:\xampp\htdocs\SoftAdmin\index.php:185) in C:\xampp\htdocs\SoftAdmin\config.php on line 23
[28-May-2025 19:52:34 Europe/Berlin] PHP Warning:  Cannot modify header information - headers already sent by (output started at C:\xampp\htdocs\SoftAdmin\index.php:185) in C:\xampp\htdocs\SoftAdmin\config.php on line 24
[28-May-2025 19:52:34 Europe/Berlin] Obținere evenimente din baza de date
[28-May-2025 19:52:34 Europe/Berlin] Evenimente obținute: 22
[28-May-2025 19:52:34 Europe/Berlin] Afișare eveniment cod=22
[28-May-2025 19:52:34 Europe/Berlin] Afișare eveniment cod=21
[28-May-2025 19:52:34 Europe/Berlin] Afișare eveniment cod=20
[28-May-2025 19:52:34 Europe/Berlin] Afișare eveniment cod=19
[28-May-2025 19:52:34 Europe/Berlin] Afișare eveniment cod=18
[28-May-2025 19:52:34 Europe/Berlin] Afișare eveniment cod=17
[28-May-2025 19:52:34 Europe/Berlin] Afișare eveniment cod=16
[28-May-2025 19:52:34 Europe/Berlin] Afișare eveniment cod=15
[28-May-2025 19:52:34 Europe/Berlin] Afișare eveniment cod=14
[28-May-2025 19:52:34 Europe/Berlin] Afișare eveniment cod=13
[28-May-2025 19:52:34 Europe/Berlin] Afișare eveniment cod=12
[28-May-2025 19:52:34 Europe/Berlin] Afișare eveniment cod=11
[28-May-2025 19:52:34 Europe/Berlin] Afișare eveniment cod=10
[28-May-2025 19:52:34 Europe/Berlin] Afișare eveniment cod=9
[28-May-2025 19:52:34 Europe/Berlin] Afișare eveniment cod=8
[28-May-2025 19:52:34 Europe/Berlin] Afișare eveniment cod=7
[28-May-2025 19:52:34 Europe/Berlin] Afișare eveniment cod=6
[28-May-2025 19:52:34 Europe/Berlin] Afișare eveniment cod=5
[28-May-2025 19:52:34 Europe/Berlin] Afișare eveniment cod=4
[28-May-2025 19:52:34 Europe/Berlin] Afișare eveniment cod=3
[28-May-2025 19:52:34 Europe/Berlin] Afișare eveniment cod=2
[28-May-2025 19:52:34 Europe/Berlin] Afișare eveniment cod=1
